---- SERVER ----
[1;32mServer <3> Connected[0;37m
Waiting to accept a connection...
[1;32mClient <4> Connected[0;37m
loop server
In receive new data, about to get command in getCmdtwo cmd : PASS caca

PASS caca
in getCmdtwo cmd : PASS caca

in extract cmd : PASS caca

je passe par la 
je passe par la 
No command found
loop server
In receive new data, about to get command in getCmdtwo cmd : NICK toto

NICK toto
in getCmdtwo cmd : NICK toto

in extract cmd : NICK toto

je passe par la 
[DEBUG] Client <4> set nick 'toto' (old: '')
je passe par la 
No command found
loop server
In receive new data, about to get command in getCmdtwo cmd : USER arnaud 0 * :Arnaud

USER arnaud 0 * :Arnaud
in getCmdtwo cmd : USER arnaud 0 * :Arnaud

in extract cmd : USER arnaud 0 * :Arnaud

je passe par la 
loop server
[1;31mClient <4> Disconnected (peer closed)[0;37m
loop server
[1;32mClient <4> Connected[0;37m
loop server
In receive new data, about to get command in getCmdtwo cmd : PASS caca

PASS caca
in getCmdtwo cmd : PASS caca

in extract cmd : PASS caca

je passe par la 
je passe par la 
No command found
loop server
In receive new data, about to get command in getCmdtwo cmd : NICK toto

NICK toto
in getCmdtwo cmd : NICK toto

in extract cmd : NICK toto

je passe par la 
[DEBUG] Client <4> set nick 'toto' (old: '')
je passe par la 
No command found
loop server
In receive new data, about to get command in getCmdtwo cmd : USER arnaud 0 * :Arnaud

USER arnaud 0 * :Arnaud
in getCmdtwo cmd : USER arnaud 0 * :Arnaud

in extract cmd : USER arnaud 0 * :Arnaud

